\BOOKMARK [0][-]{cabstract.0}{\376\377\144\130\211\201}{}% 1
\BOOKMARK [0][-]{eabstract.0}{\376\377\000A\000B\000S\000T\000R\000A\000C\000T}{}% 2
\BOOKMARK [0][-]{contents.0}{\376\377\166\356\137\125}{}% 3
\BOOKMARK [0][-]{chapter.1}{\376\377\137\025\212\000}{}% 4
\BOOKMARK [1][-]{section.1.1}{\376\377\117\341\140\157\123\357\211\306\123\026}{chapter.1}% 5
\BOOKMARK [1][-]{section.1.2}{\376\377\145\207\147\054\123\357\211\306\123\026}{chapter.1}% 6
\BOOKMARK [1][-]{section.1.3}{\376\377\147\054\145\207\135\345\117\134\123\312\122\033\145\260\160\271}{chapter.1}% 7
\BOOKMARK [0][-]{chapter.2}{\376\377\166\370\121\163\145\207\163\056}{}% 8
\BOOKMARK [1][-]{section.2.1}{\376\377\131\047\127\213\146\076\171\072\213\276\131\007}{chapter.2}% 9
\BOOKMARK [2][-]{subsection.2.1.1}{\376\377\131\047\134\117\123\357\211\306\123\026}{section.2.1}% 10
\BOOKMARK [2][-]{subsection.2.1.2}{\376\377\116\272\133\371\131\047\134\117\166\204\141\037\167\345}{section.2.1}% 11
\BOOKMARK [1][-]{section.2.2}{\376\377\131\032\122\006\217\250\163\207\142\200\147\057}{chapter.2}% 12
\BOOKMARK [2][-]{subsection.2.2.1}{\376\377\131\032\122\006\217\250\163\207\123\357\211\306\123\026}{section.2.2}% 13
\BOOKMARK [2][-]{subsection.2.2.2}{\376\377\126\376\137\142\143\222\150\067}{section.2.2}% 14
\BOOKMARK [2][-]{subsection.2.2.3}{\376\377\132\222\116\313\166\370\121\163\145\271\154\325}{section.2.2}% 15
\BOOKMARK [1][-]{section.2.3}{\376\377\213\315\116\221}{chapter.2}% 16
\BOOKMARK [2][-]{subsection.2.3.1}{\376\377\136\003\134\100\173\227\154\325}{section.2.3}% 17
\BOOKMARK [2][-]{subsection.2.3.2}{\376\377\145\207\147\054\123\357\211\306\122\006\147\220}{section.2.3}% 18
\BOOKMARK [0][-]{chapter.3}{\376\377\123\314\122\006\217\250\163\207\213\315\116\221\166\204\213\276\213\241\166\356\150\007}{}% 19
\BOOKMARK [1][-]{section.3.1}{\376\377\116\373\122\241}{chapter.3}% 20
\BOOKMARK [1][-]{section.3.2}{\376\377\213\276\213\241\121\306\122\031}{chapter.3}% 21
\BOOKMARK [1][-]{section.3.3}{\376\377\213\276\213\241\220\011\142\351}{chapter.3}% 22
\BOOKMARK [0][-]{chapter.4}{\376\377\123\314\122\006\217\250\163\207\213\315\116\221\123\357\211\306\123\026}{}% 23
\BOOKMARK [1][-]{section.4.1}{\376\377\145\160\143\156}{chapter.4}% 24
\BOOKMARK [1][-]{section.4.2}{\376\377\136\003\134\100\173\227\154\325}{chapter.4}% 25
\BOOKMARK [2][-]{subsection.4.2.1}{\376\377\127\372\170\100\136\003\134\100}{section.4.2}% 26
\BOOKMARK [2][-]{subsection.4.2.2}{\376\377\133\120\145\207\147\054\136\003\134\100}{section.4.2}% 27
\BOOKMARK [2][-]{subsection.4.2.3}{\376\377\173\227\154\325\122\240\220\037}{section.4.2}% 28
\BOOKMARK [1][-]{section.4.3}{\376\377\155\367\124\010\126\376\120\317}{chapter.4}% 29
\BOOKMARK [2][-]{subsection.4.3.1}{\376\377\213\315\116\221\207\215\124\010}{section.4.3}% 30
\BOOKMARK [2][-]{subsection.4.3.2}{\376\377\230\234\202\162\177\026\170\001}{section.4.3}% 31
\BOOKMARK [0][-]{chapter.5}{\376\377\150\110\117\213\122\006\147\220}{}% 32
\BOOKMARK [1][-]{section.5.1}{\376\377\145\207\133\146\117\134\124\301}{chapter.5}% 33
\BOOKMARK [1][-]{section.5.2}{\376\377\171\076\116\244\132\222\117\123}{chapter.5}% 34
\BOOKMARK [1][-]{section.5.3}{\376\377\123\314\134\102\116\073\230\230}{chapter.5}% 35
\BOOKMARK [0][-]{chapter.6}{\376\377\123\314\122\006\217\250\163\207\213\315\116\221\122\033\122\066\174\373\176\337}{}% 36
\BOOKMARK [1][-]{section.6.1}{\376\377\213\276\213\241\211\201\154\102}{chapter.6}% 37
\BOOKMARK [1][-]{section.6.2}{\376\377\174\373\176\337\151\202\211\310}{chapter.6}% 38
\BOOKMARK [2][-]{subsection.6.2.1}{\376\377\165\114\227\142}{section.6.2}% 39
\BOOKMARK [2][-]{subsection.6.2.2}{\376\377\116\244\116\222\220\073\217\221}{section.6.2}% 40
\BOOKMARK [1][-]{section.6.3}{\376\377\122\115\124\016\172\357\116\244\116\222}{chapter.6}% 41
\BOOKMARK [2][-]{subsection.6.3.1}{\376\377\145\160\143\156\116\012\117\040}{section.6.3}% 42
\BOOKMARK [2][-]{subsection.6.3.2}{\376\377\145\160\143\156\131\004\164\006}{section.6.3}% 43
\BOOKMARK [2][-]{subsection.6.3.3}{\376\377\123\302\145\160\143\250\203\120}{section.6.3}% 44
\BOOKMARK [1][-]{section.6.4}{\376\377\174\373\176\337\133\236\163\260}{chapter.6}% 45
\BOOKMARK [0][-]{chapter.7}{\376\377\213\250\213\272\116\016\134\125\147\033}{}% 46
\BOOKMARK [1][-]{section.7.1}{\376\377\123\314\122\006\217\250\163\207\213\315\116\221\166\204\225\177\131\004}{chapter.7}% 47
\BOOKMARK [1][-]{section.7.2}{\376\377\134\100\226\120\116\016\143\021\142\030}{chapter.7}% 48
\BOOKMARK [1][-]{section.7.3}{\376\377\147\052\147\145\135\345\117\134\116\016\157\134\127\050\170\024\172\166\147\072\117\032}{chapter.7}% 49
\BOOKMARK [0][-]{chapter.8}{\376\377\176\323\213\272}{}% 50
\BOOKMARK [0][-]{appendix*.40}{\376\377\123\302\200\003\145\207\163\056}{}% 51
\BOOKMARK [0][-]{appendix*.41}{\376\377\147\054\171\321\147\037\225\364\166\204\116\073\211\201\135\345\117\134\124\214\142\020\147\234}{}% 52
\BOOKMARK [0][-]{appendix*.42}{\376\377\201\364\214\042}{}% 53
\BOOKMARK [0][-]{appendix*.43}{\376\377\123\027\116\254\131\047\133\146\133\146\117\115\213\272\145\207\123\237\122\033\140\047\130\360\146\016\124\214\117\177\165\050\143\210\147\103\213\364\146\016}{}% 54
