This is pdfTeX, Version 3.14159265-2.6-1.40.19 (TeX Live 2018/W32TeX) (preloaded format=pdflatex 2018.4.30)  6 APR 2020 01:12
entering extended mode
 restricted \write18 enabled.
 %&-line parsing enabled.
**acknowledge.tex
(./acknowledge.tex
LaTeX2e <2018-04-01> patch level 2
Babel <3.18> and hyphenation patterns for 84 language(s) loaded.
! Undefined control sequence.
l.4 \chapter
            {è‡´è°¢}
The control sequence at the end of the top line
of your error message was never \def'ed. If you have
misspelled it (e.g., `\hobx'), type `I' and the correct
spelling (e.g., `I\hbox'). Otherwise just continue,
and I'll forget about whatever was undefined.


! Package inputenc Error: Unicode character è‡´ (U+81F4)
(inputenc)                not set up for use with LaTeX.

See the inputenc package documentation for explanation.
Type  H <return>  for immediate help.
 ...                                              
                                                  
l.4 \chapter{è‡´
                è°¢}
You may provide a definition with
\DeclareUnicodeCharacter 


! Package inputenc Error: Unicode character è°¢ (U+8C22)
(inputenc)                not set up for use with LaTeX.

See the inputenc package documentation for explanation.
Type  H <return>  for immediate help.
 ...                                              
                                                  
l.4 \chapter{è‡´è°¢
                   }
You may provide a definition with
\DeclareUnicodeCharacter 


! Package inputenc Error: Unicode character é (U+975E)
(inputenc)                not set up for use with LaTeX.

See the inputenc package documentation for explanation.
Type  H <return>  for immediate help.
 ...                                              
                                                  
l.5 é
       å¸¸æ„Ÿè°¢è¢æ™“å¦‚è€å¸ˆä¸‰å¹´ä»¥æ¥å¯¹æˆ‘çš„å¯å‘ä¸æŒ‡å¯¼ã€‚ä¹Ÿæ„Ÿ...

You may provide a definition with
\DeclareUnicodeCharacter 


! Package inputenc Error: Unicode character å¸¸ (U+5E38)
(inputenc)                not set up for use with LaTeX.

See the inputenc package documentation for explanation.
Type  H <return>  for immediate help.
 ...                                              
                                                  
l.5 éå¸¸
          æ„Ÿè°¢è¢æ™“å¦‚è€å¸ˆä¸‰å¹´ä»¥æ¥å¯¹æˆ‘çš„å¯å‘ä¸æŒ‡å¯¼ã€‚ä¹Ÿæ„Ÿ...

You may provide a definition with
\DeclareUnicodeCharacter 


! Package inputenc Error: Unicode character æ„Ÿ (U+611F)
(inputenc)                not set up for use with LaTeX.

See the inputenc package documentation for explanation.
Type  H <return>  for immediate help.
 ...                                              
                                                  
l.5 éå¸¸æ„Ÿ
             è°¢è¢æ™“å¦‚è€å¸ˆä¸‰å¹´ä»¥æ¥å¯¹æˆ‘çš„å¯å‘ä¸æŒ‡å¯¼ã€‚ä¹Ÿæ„Ÿ...

You may provide a definition with
\DeclareUnicodeCharacter 


! Package inputenc Error: Unicode character è°¢ (U+8C22)
(inputenc)                not set up for use with LaTeX.

See the inputenc package documentation for explanation.
Type  H <return>  for immediate help.
 ...                                              
                                                  
l.5 éå¸¸æ„Ÿè°¢
                è¢æ™“å¦‚è€å¸ˆä¸‰å¹´ä»¥æ¥å¯¹æˆ‘çš„å¯å‘ä¸æŒ‡å¯¼ã€‚ä¹Ÿæ„Ÿ...

You may provide a definition with
\DeclareUnicodeCharacter 


! Package inputenc Error: Unicode character è¢ (U+8881)
(inputenc)                not set up for use with LaTeX.

See the inputenc package documentation for explanation.
Type  H <return>  for immediate help.
 ...                                              
                                                  
l.5 éå¸¸æ„Ÿè°¢è¢
                   æ™“å¦‚è€å¸ˆä¸‰å¹´ä»¥æ¥å¯¹æˆ‘çš„å¯å‘ä¸æŒ‡å¯¼ã€‚ä¹Ÿæ„Ÿ...

You may provide a definition with
\DeclareUnicodeCharacter 


! Package inputenc Error: Unicode character æ™“ (U+6653)
(inputenc)                not set up for use with LaTeX.

See the inputenc package documentation for explanation.
Type  H <return>  for immediate help.
 ...                                              
                                                  
l.5 éå¸¸æ„Ÿè°¢è¢æ™“
                      å¦‚è€å¸ˆä¸‰å¹´ä»¥æ¥å¯¹æˆ‘çš„å¯å‘ä¸æŒ‡å¯¼ã€‚ä¹Ÿæ„Ÿ...

You may provide a definition with
\DeclareUnicodeCharacter 


! Package inputenc Error: Unicode character å¦‚ (U+5982)
(inputenc)                not set up for use with LaTeX.

See the inputenc package documentation for explanation.
Type  H <return>  for immediate help.
 ...                                              
                                                  
l.5 éå¸¸æ„Ÿè°¢è¢æ™“å¦‚
                         è€å¸ˆä¸‰å¹´ä»¥æ¥å¯¹æˆ‘çš„å¯å‘ä¸æŒ‡å¯¼ã€‚ä¹Ÿæ„Ÿ...

You may provide a definition with
\DeclareUnicodeCharacter 


! Package inputenc Error: Unicode character è€ (U+8001)
(inputenc)                not set up for use with LaTeX.

See the inputenc package documentation for explanation.
Type  H <return>  for immediate help.
 ...                                              
                                                  
l.5 éå¸¸æ„Ÿè°¢è¢æ™“å¦‚è€
                            å¸ˆä¸‰å¹´ä»¥æ¥å¯¹æˆ‘çš„å¯å‘ä¸æŒ‡å¯¼ã€‚ä¹Ÿæ„Ÿ...

You may provide a definition with
\DeclareUnicodeCharacter 


! Package inputenc Error: Unicode character å¸ˆ (U+5E08)
(inputenc)                not set up for use with LaTeX.

See the inputenc package documentation for explanation.
Type  H <return>  for immediate help.
 ...                                              
                                                  
l.5 éå¸¸æ„Ÿè°¢è¢æ™“å¦‚è€å¸ˆ
                               ä¸‰å¹´ä»¥æ¥å¯¹æˆ‘çš„å¯å‘ä¸æŒ‡å¯¼ã€‚ä¹Ÿæ„Ÿ...

You may provide a definition with
\DeclareUnicodeCharacter 


! Package inputenc Error: Unicode character ä¸‰ (U+4E09)
(inputenc)                not set up for use with LaTeX.

See the inputenc package documentation for explanation.
Type  H <return>  for immediate help.
 ...                                              
                                                  
l.5 éå¸¸æ„Ÿè°¢è¢æ™“å¦‚è€å¸ˆä¸‰
                                  å¹´ä»¥æ¥å¯¹æˆ‘çš„å¯å‘ä¸æŒ‡å¯¼ã€‚ä¹Ÿæ„Ÿ...

You may provide a definition with
\DeclareUnicodeCharacter 


! Package inputenc Error: Unicode character å¹´ (U+5E74)
(inputenc)                not set up for use with LaTeX.

See the inputenc package documentation for explanation.
Type  H <return>  for immediate help.
 ...                                              
                                                  
l.5 éå¸¸æ„Ÿè°¢è¢æ™“å¦‚è€å¸ˆä¸‰å¹´
                                     ä»¥æ¥å¯¹æˆ‘çš„å¯å‘ä¸æŒ‡å¯¼ã€‚ä¹Ÿæ„Ÿ...

You may provide a definition with
\DeclareUnicodeCharacter 


! Package inputenc Error: Unicode character ä»¥ (U+4EE5)
(inputenc)                not set up for use with LaTeX.

See the inputenc package documentation for explanation.
Type  H <return>  for immediate help.
 ...                                              
                                                  
l.5 éå¸¸æ„Ÿè°¢è¢æ™“å¦‚è€å¸ˆä¸‰å¹´ä»¥
                                        æ¥å¯¹æˆ‘çš„å¯å‘ä¸æŒ‡å¯¼ã€‚ä¹Ÿæ„Ÿ...

You may provide a definition with
\DeclareUnicodeCharacter 


! Package inputenc Error: Unicode character æ¥ (U+6765)
(inputenc)                not set up for use with LaTeX.

See the inputenc package documentation for explanation.
Type  H <return>  for immediate help.
 ...                                              
                                                  
l.5 éå¸¸æ„Ÿè°¢è¢æ™“å¦‚è€å¸ˆä¸‰å¹´ä»¥æ¥
                                           å¯¹æˆ‘çš„å¯å‘ä¸æŒ‡å¯¼ã€‚ä¹Ÿæ„Ÿ...

You may provide a definition with
\DeclareUnicodeCharacter 


! Package inputenc Error: Unicode character å¯¹ (U+5BF9)
(inputenc)                not set up for use with LaTeX.

See the inputenc package documentation for explanation.
Type  H <return>  for immediate help.
 ...                                              
                                                  
l.5 éå¸¸æ„Ÿè°¢è¢æ™“å¦‚è€å¸ˆä¸‰å¹´ä»¥æ¥å¯¹
                                              æˆ‘çš„å¯å‘ä¸æŒ‡å¯¼ã€‚ä¹Ÿæ„Ÿ...

You may provide a definition with
\DeclareUnicodeCharacter 


! Package inputenc Error: Unicode character æˆ‘ (U+6211)
(inputenc)                not set up for use with LaTeX.

See the inputenc package documentation for explanation.
Type  H <return>  for immediate help.
 ...                                              
                                                  
l.5 éå¸¸æ„Ÿè°¢è¢æ™“å¦‚è€å¸ˆä¸‰å¹´ä»¥æ¥å¯¹æˆ‘
                                                 çš„å¯å‘ä¸æŒ‡å¯¼ã€‚ä¹Ÿæ„Ÿ...

You may provide a definition with
\DeclareUnicodeCharacter 


! Package inputenc Error: Unicode character çš„ (U+7684)
(inputenc)                not set up for use with LaTeX.

See the inputenc package documentation for explanation.
Type  H <return>  for immediate help.
 ...                                              
                                                  
l.5 ...¸æ„Ÿè°¢è¢æ™“å¦‚è€å¸ˆä¸‰å¹´ä»¥æ¥å¯¹æˆ‘çš„
                                                  å¯å‘ä¸æŒ‡å¯¼ã€‚ä¹Ÿæ„Ÿè°...

You may provide a definition with
\DeclareUnicodeCharacter 


! Package inputenc Error: Unicode character å¯ (U+542F)
(inputenc)                not set up for use with LaTeX.

See the inputenc package documentation for explanation.
Type  H <return>  for immediate help.
 ...                                              
                                                  
l.5 ...Ÿè°¢è¢æ™“å¦‚è€å¸ˆä¸‰å¹´ä»¥æ¥å¯¹æˆ‘çš„å¯
                                                  å‘ä¸æŒ‡å¯¼ã€‚ä¹Ÿæ„Ÿè°¢é¦...

You may provide a definition with
\DeclareUnicodeCharacter 


! Package inputenc Error: Unicode character å‘ (U+53D1)
(inputenc)                not set up for use with LaTeX.

See the inputenc package documentation for explanation.
Type  H <return>  for immediate help.
 ...                                              
                                                  
l.5 ...¢è¢æ™“å¦‚è€å¸ˆä¸‰å¹´ä»¥æ¥å¯¹æˆ‘çš„å¯å‘
                                                  ä¸æŒ‡å¯¼ã€‚ä¹Ÿæ„Ÿè°¢é¦™æ¸...

You may provide a definition with
\DeclareUnicodeCharacter 


! Package inputenc Error: Unicode character ä¸ (U+4E0E)
(inputenc)                not set up for use with LaTeX.

See the inputenc package documentation for explanation.
Type  H <return>  for immediate help.
 ...                                              
                                                  
l.5 ...æ™“å¦‚è€å¸ˆä¸‰å¹´ä»¥æ¥å¯¹æˆ‘çš„å¯å‘ä¸
                                                  æŒ‡å¯¼ã€‚ä¹Ÿæ„Ÿè°¢é¦™æ¸¯ç§...

You may provide a definition with
\DeclareUnicodeCharacter 


! Package inputenc Error: Unicode character æŒ‡ (U+6307)
(inputenc)                not set up for use with LaTeX.

See the inputenc package documentation for explanation.
Type  H <return>  for immediate help.
 ...                                              
                                                  
l.5 ...“å¦‚è€å¸ˆä¸‰å¹´ä»¥æ¥å¯¹æˆ‘çš„å¯å‘ä¸æŒ‡
                                                  å¯¼ã€‚ä¹Ÿæ„Ÿè°¢é¦™æ¸¯ç§‘æŠ...

You may provide a definition with
\DeclareUnicodeCharacter 


! Package inputenc Error: Unicode character å¯¼ (U+5BFC)
(inputenc)                not set up for use with LaTeX.

See the inputenc package documentation for explanation.
Type  H <return>  for immediate help.
 ...                                              
                                                  
l.5 ...‚è€å¸ˆä¸‰å¹´ä»¥æ¥å¯¹æˆ‘çš„å¯å‘ä¸æŒ‡å¯¼
                                                  ã€‚ä¹Ÿæ„Ÿè°¢é¦™æ¸¯ç§‘æŠ€å¤...

You may provide a definition with
\DeclareUnicodeCharacter 


! Package inputenc Error: Unicode character ã€‚ (U+3002)
(inputenc)                not set up for use with LaTeX.

See the inputenc package documentation for explanation.
Type  H <return>  for immediate help.
 ...                                              
                                                  
l.5 ...å¸ˆä¸‰å¹´ä»¥æ¥å¯¹æˆ‘çš„å¯å‘ä¸æŒ‡å¯¼ã€‚
                                                  ä¹Ÿæ„Ÿè°¢é¦™æ¸¯ç§‘æŠ€å¤§å­...

You may provide a definition with
\DeclareUnicodeCharacter 


! Package inputenc Error: Unicode character ä¹Ÿ (U+4E5F)
(inputenc)                not set up for use with LaTeX.

See the inputenc package documentation for explanation.
Type  H <return>  for immediate help.
 ...                                              
                                                  
l.5 ...ˆä¸‰å¹´ä»¥æ¥å¯¹æˆ‘çš„å¯å‘ä¸æŒ‡å¯¼ã€‚ä¹Ÿ
                                                  æ„Ÿè°¢é¦™æ¸¯ç§‘æŠ€å¤§å­¦çš...

You may provide a definition with
\DeclareUnicodeCharacter 


! Package inputenc Error: Unicode character æ„Ÿ (U+611F)
(inputenc)                not set up for use with LaTeX.

See the inputenc package documentation for explanation.
Type  H <return>  for immediate help.
 ...                                              
                                                  
l.5 ...‰å¹´ä»¥æ¥å¯¹æˆ‘çš„å¯å‘ä¸æŒ‡å¯¼ã€‚ä¹Ÿæ„Ÿ
                                                  è°¢é¦™æ¸¯ç§‘æŠ€å¤§å­¦çš„å±...

You may provide a definition with
\DeclareUnicodeCharacter 


! Package inputenc Error: Unicode character è°¢ (U+8C22)
(inputenc)                not set up for use with LaTeX.

See the inputenc package documentation for explanation.
Type  H <return>  for immediate help.
 ...                                              
                                                  
l.5 ...´ä»¥æ¥å¯¹æˆ‘çš„å¯å‘ä¸æŒ‡å¯¼ã€‚ä¹Ÿæ„Ÿè°¢
                                                  é¦™æ¸¯ç§‘æŠ€å¤§å­¦çš„å±ˆå...

You may provide a definition with
\DeclareUnicodeCharacter 


! Package inputenc Error: Unicode character é¦™ (U+9999)
(inputenc)                not set up for use with LaTeX.

See the inputenc package documentation for explanation.
Type  H <return>  for immediate help.
 ...                                              
                                                  
l.5 ...¥æ¥å¯¹æˆ‘çš„å¯å‘ä¸æŒ‡å¯¼ã€‚ä¹Ÿæ„Ÿè°¢é¦™
                                                  æ¸¯ç§‘æŠ€å¤§å­¦çš„å±ˆåæ°...

You may provide a definition with
\DeclareUnicodeCharacter 


! Package inputenc Error: Unicode character æ¸¯ (U+6E2F)
(inputenc)                not set up for use with LaTeX.

See the inputenc package documentation for explanation.
Type  H <return>  for immediate help.
 ...                                              
                                                  
l.5 ...¥å¯¹æˆ‘çš„å¯å‘ä¸æŒ‡å¯¼ã€‚ä¹Ÿæ„Ÿè°¢é¦™æ¸¯
                                                  ç§‘æŠ€å¤§å­¦çš„å±ˆåæ°‘æ•...

You may provide a definition with
\DeclareUnicodeCharacter 


! Package inputenc Error: Unicode character ç§‘ (U+79D1)
(inputenc)                not set up for use with LaTeX.

See the inputenc package documentation for explanation.
Type  H <return>  for immediate help.
 ...                                              
                                                  
l.5 ...¹æˆ‘çš„å¯å‘ä¸æŒ‡å¯¼ã€‚ä¹Ÿæ„Ÿè°¢é¦™æ¸¯ç§‘
                                                  æŠ€å¤§å­¦çš„å±ˆåæ°‘æ•™æ...

You may provide a definition with
\DeclareUnicodeCharacter 


! Package inputenc Error: Unicode character æŠ€ (U+6280)
(inputenc)                not set up for use with LaTeX.

See the inputenc package documentation for explanation.
Type  H <return>  for immediate help.
 ...                                              
                                                  
l.5 ...‘çš„å¯å‘ä¸æŒ‡å¯¼ã€‚ä¹Ÿæ„Ÿè°¢é¦™æ¸¯ç§‘æŠ€
                                                  å¤§å­¦çš„å±ˆåæ°‘æ•™æˆï¼...

You may provide a definition with
\DeclareUnicodeCharacter 


! Package inputenc Error: Unicode character å¤§ (U+5927)
(inputenc)                not set up for use with LaTeX.

See the inputenc package documentation for explanation.
Type  H <return>  for immediate help.
 ...                                              
                                                  
l.5 ...„å¯å‘ä¸æŒ‡å¯¼ã€‚ä¹Ÿæ„Ÿè°¢é¦™æ¸¯ç§‘æŠ€å¤§
                                                  å­¦çš„å±ˆåæ°‘æ•™æˆï¼Œçˆ...

You may provide a definition with
\DeclareUnicodeCharacter 


! Package inputenc Error: Unicode character å­¦ (U+5B66)
(inputenc)                not set up for use with LaTeX.

See the inputenc package documentation for explanation.
Type  H <return>  for immediate help.
 ...                                              
                                                  
l.5 ...¯å‘ä¸æŒ‡å¯¼ã€‚ä¹Ÿæ„Ÿè°¢é¦™æ¸¯ç§‘æŠ€å¤§å­¦
                                                  çš„å±ˆåæ°‘æ•™æˆï¼Œçˆ±ä¸...

You may provide a definition with
\DeclareUnicodeCharacter 


! Package inputenc Error: Unicode character çš„ (U+7684)
(inputenc)                not set up for use with LaTeX.

See the inputenc package documentation for explanation.
Type  H <return>  for immediate help.
 ...                                              
                                                  
l.5 ...‘ä¸æŒ‡å¯¼ã€‚ä¹Ÿæ„Ÿè°¢é¦™æ¸¯ç§‘æŠ€å¤§å­¦çš„
                                                  å±ˆåæ°‘æ•™æˆï¼Œçˆ±ä¸å ...

You may provide a definition with
\DeclareUnicodeCharacter 


! Package inputenc Error: Unicode character å±ˆ (U+5C48)
(inputenc)                not set up for use with LaTeX.

See the inputenc package documentation for explanation.
Type  H <return>  for immediate help.
 ...                                              
                                                  
l.5 ...æŒ‡å¯¼ã€‚ä¹Ÿæ„Ÿè°¢é¦™æ¸¯ç§‘æŠ€å¤§å­¦çš„å±ˆ
                                                  åæ°‘æ•™æˆï¼Œçˆ±ä¸å ¡å¤...

You may provide a definition with
\DeclareUnicodeCharacter 


! Package inputenc Error: Unicode character å (U+534E)
(inputenc)                not set up for use with LaTeX.

See the inputenc package documentation for explanation.
Type  H <return>  for immediate help.
 ...                                              
                                                  
l.5 ...‡å¯¼ã€‚ä¹Ÿæ„Ÿè°¢é¦™æ¸¯ç§‘æŠ€å¤§å­¦çš„å±ˆå
                                                  æ°‘æ•™æˆï¼Œçˆ±ä¸å ¡å¤§å­...

You may provide a definition with
\DeclareUnicodeCharacter 


! Package inputenc Error: Unicode character æ°‘ (U+6C11)
(inputenc)                not set up for use with LaTeX.

See the inputenc package documentation for explanation.
Type  H <return>  for immediate help.
 ...                                              
                                                  
l.5 ...¼ã€‚ä¹Ÿæ„Ÿè°¢é¦™æ¸¯ç§‘æŠ€å¤§å­¦çš„å±ˆåæ°‘
                                                  æ•™æˆï¼Œçˆ±ä¸å ¡å¤§å­¦çš...

You may provide a definition with
\DeclareUnicodeCharacter 


! Package inputenc Error: Unicode character æ•™ (U+6559)
(inputenc)                not set up for use with LaTeX.

See the inputenc package documentation for explanation.
Type  H <return>  for immediate help.
 ...                                              
                                                  
l.5 ...‚ä¹Ÿæ„Ÿè°¢é¦™æ¸¯ç§‘æŠ€å¤§å­¦çš„å±ˆåæ°‘æ•™
                                                  æˆï¼Œçˆ±ä¸å ¡å¤§å­¦çš„Be...

You may provide a definition with
\DeclareUnicodeCharacter 


! Package inputenc Error: Unicode character æˆ (U+6388)
(inputenc)                not set up for use with LaTeX.

See the inputenc package documentation for explanation.
Type  H <return>  for immediate help.
 ...                                              
                                                  
l.5 ...Ÿæ„Ÿè°¢é¦™æ¸¯ç§‘æŠ€å¤§å­¦çš„å±ˆåæ°‘æ•™æˆ
                                                  ï¼Œçˆ±ä¸å ¡å¤§å­¦çš„Benja...

You may provide a definition with
\DeclareUnicodeCharacter 


! Package inputenc Error: Unicode character ï¼Œ (U+FF0C)
(inputenc)                not set up for use with LaTeX.

See the inputenc package documentation for explanation.
Type  H <return>  for immediate help.
 ...                                              
                                                  
l.5 ...Ÿè°¢é¦™æ¸¯ç§‘æŠ€å¤§å­¦çš„å±ˆåæ°‘æ•™æˆï¼Œ
                                                  çˆ±ä¸å ¡å¤§å­¦çš„Benjamin...

You may provide a definition with
\DeclareUnicodeCharacter 


! Package inputenc Error: Unicode character çˆ± (U+7231)
(inputenc)                not set up for use with LaTeX.

See the inputenc package documentation for explanation.
Type  H <return>  for immediate help.
 ...                                              
                                                  
l.5 ...¢é¦™æ¸¯ç§‘æŠ€å¤§å­¦çš„å±ˆåæ°‘æ•™æˆï¼Œçˆ±
                                                  ä¸å ¡å¤§å­¦çš„Benjamin Ba...

You may provide a definition with
\DeclareUnicodeCharacter 


! Package inputenc Error: Unicode character ä¸ (U+4E01)
(inputenc)                not set up for use with LaTeX.

See the inputenc package documentation for explanation.
Type  H <return>  for immediate help.
 ...                                              
                                                  
l.5 ...™æ¸¯ç§‘æŠ€å¤§å­¦çš„å±ˆåæ°‘æ•™æˆï¼Œçˆ±ä¸
                                                  å ¡å¤§å­¦çš„Benjamin Bachæ...

You may provide a definition with
\DeclareUnicodeCharacter 


! Package inputenc Error: Unicode character å ¡ (U+5821)
(inputenc)                not set up for use with LaTeX.

See the inputenc package documentation for explanation.
Type  H <return>  for immediate help.
 ...                                              
                                                  
l.5 ...¯ç§‘æŠ€å¤§å­¦çš„å±ˆåæ°‘æ•™æˆï¼Œçˆ±ä¸å ¡
                                                  å¤§å­¦çš„Benjamin Bachæ•™æ...

You may provide a definition with
\DeclareUnicodeCharacter 


! Package inputenc Error: Unicode character å¤§ (U+5927)
(inputenc)                not set up for use with LaTeX.

See the inputenc package documentation for explanation.
Type  H <return>  for immediate help.
 ...                                              
                                                  
l.5 ...‘æŠ€å¤§å­¦çš„å±ˆåæ°‘æ•™æˆï¼Œçˆ±ä¸å ¡å¤§
                                                  å­¦çš„Benjamin Bachæ•™æˆï...

You may provide a definition with
\DeclareUnicodeCharacter 


! Package inputenc Error: Unicode character å­¦ (U+5B66)
(inputenc)                not set up for use with LaTeX.

See the inputenc package documentation for explanation.
Type  H <return>  for immediate help.
 ...                                              
                                                  
l.5 ...€å¤§å­¦çš„å±ˆåæ°‘æ•™æˆï¼Œçˆ±ä¸å ¡å¤§å­¦
                                                  çš„Benjamin Bachæ•™æˆï¼Œä...

You may provide a definition with
\DeclareUnicodeCharacter 


! Package inputenc Error: Unicode character çš„ (U+7684)
(inputenc)                not set up for use with LaTeX.

See the inputenc package documentation for explanation.
Type  H <return>  for immediate help.
 ...                                              
                                                  
l.5 ...§å­¦çš„å±ˆåæ°‘æ•™æˆï¼Œçˆ±ä¸å ¡å¤§å­¦çš„
                                                  Benjamin Bachæ•™æˆï¼Œä»¥å...

You may provide a definition with
\DeclareUnicodeCharacter 


! LaTeX Error: Missing \begin{document}.

See the LaTeX manual or LaTeX Companion for explanation.
Type  H <return>  for immediate help.
 ...                                              
                                                  
l.5 ...å­¦çš„å±ˆåæ°‘æ•™æˆï¼Œçˆ±ä¸å ¡å¤§å­¦çš„B
                                                  enjamin Bachæ•™æˆï¼Œä»¥å...

You're in trouble here.  Try typing  <return>  to proceed.
If that doesn't work, type  X <return>  to quit.

Missing character: There is no B in font nullfont!
Missing character: There is no e in font nullfont!
Missing character: There is no n in font nullfont!
Missing character: There is no j in font nullfont!
Missing character: There is no a in font nullfont!
Missing character: There is no m in font nullfont!
Missing character: There is no i in font nullfont!
Missing character: There is no n in font nullfont!
Missing character: There is no B in font nullfont!
Missing character: There is no a in font nullfont!
Missing character: There is no c in font nullfont!
Missing character: There is no h in font nullfont!

! Package inputenc Error: Unicode character æ•™ (U+6559)
(inputenc)                not set up for use with LaTeX.

See the inputenc package documentation for explanation.
Type  H <return>  for immediate help.
 ...                                              
                                                  
l.5 ...æ•™æˆï¼Œçˆ±ä¸å ¡å¤§å­¦çš„Benjamin Bachæ•™
                                                  æˆï¼Œä»¥åŠæ³•å›½è‡ªåŠ¨åŒ...

You may provide a definition with
\DeclareUnicodeCharacter 


! Package inputenc Error: Unicode character æˆ (U+6388)
(inputenc)                not set up for use with LaTeX.

See the inputenc package documentation for explanation.
Type  H <return>  for immediate help.
 ...                                              
                                                  
l.5 ...æˆï¼Œçˆ±ä¸å ¡å¤§å­¦çš„Benjamin Bachæ•™æˆ
                                                  ï¼Œä»¥åŠæ³•å›½è‡ªåŠ¨åŒ–ç ...

You may provide a definition with
\DeclareUnicodeCharacter 


! Package inputenc Error: Unicode character ï¼Œ (U+FF0C)
(inputenc)                not set up for use with LaTeX.

See the inputenc package documentation for explanation.
Type  H <return>  for immediate help.
 ...                                              
                                                  
l.5 ...ï¼Œçˆ±ä¸å ¡å¤§å­¦çš„Benjamin Bachæ•™æˆï¼Œ
                                                  ä»¥åŠæ³•å›½è‡ªåŠ¨åŒ–ç ”ç©...

You may provide a definition with
\DeclareUnicodeCharacter 


! Package inputenc Error: Unicode character ä»¥ (U+4EE5)
(inputenc)                not set up for use with LaTeX.

See the inputenc package documentation for explanation.
Type  H <return>  for immediate help.
 ...                                              
                                                  
l.5 ...çˆ±ä¸å ¡å¤§å­¦çš„Benjamin Bachæ•™æˆï¼Œä»¥
                                                  åŠæ³•å›½è‡ªåŠ¨åŒ–ç ”ç©¶æ‰...

You may provide a definition with
\DeclareUnicodeCharacter 


! Package inputenc Error: Unicode character åŠ (U+53CA)
(inputenc)                not set up for use with LaTeX.

See the inputenc package documentation for explanation.
Type  H <return>  for immediate help.
 ...                                              
                                                  
l.5 ...ä¸å ¡å¤§å­¦çš„Benjamin Bachæ•™æˆï¼Œä»¥åŠ
                                                  æ³•å›½è‡ªåŠ¨åŒ–ç ”ç©¶æ‰€çš...

You may provide a definition with
\DeclareUnicodeCharacter 


! Package inputenc Error: Unicode character æ³• (U+6CD5)
(inputenc)                not set up for use with LaTeX.

See the inputenc package documentation for explanation.
Type  H <return>  for immediate help.
 ...                                              
                                                  
l.5 ...å ¡å¤§å­¦çš„Benjamin Bachæ•™æˆï¼Œä»¥åŠæ³•
                                                  å›½è‡ªåŠ¨åŒ–ç ”ç©¶æ‰€çš„Je...

You may provide a definition with
\DeclareUnicodeCharacter 


! Package inputenc Error: Unicode character å›½ (U+56FD)
(inputenc)                not set up for use with LaTeX.

See the inputenc package documentation for explanation.
Type  H <return>  for immediate help.
 ...                                              
                                                  
l.5 ...å¤§å­¦çš„Benjamin Bachæ•™æˆï¼Œä»¥åŠæ³•å›½
                                                  è‡ªåŠ¨åŒ–ç ”ç©¶æ‰€çš„Jean ...

You may provide a definition with
\DeclareUnicodeCharacter 


! Package inputenc Error: Unicode character è‡ª (U+81EA)
(inputenc)                not set up for use with LaTeX.

See the inputenc package documentation for explanation.
Type  H <return>  for immediate help.
 ...                                              
                                                  
l.5 ...å­¦çš„Benjamin Bachæ•™æˆï¼Œä»¥åŠæ³•å›½è‡ª
                                                  åŠ¨åŒ–ç ”ç©¶æ‰€çš„Jean Dan...

You may provide a definition with
\DeclareUnicodeCharacter 


! Package inputenc Error: Unicode character åŠ¨ (U+52A8)
(inputenc)                not set up for use with LaTeX.

See the inputenc package documentation for explanation.
Type  H <return>  for immediate help.
 ...                                              
                                                  
l.5 ...çš„Benjamin Bachæ•™æˆï¼Œä»¥åŠæ³•å›½è‡ªåŠ¨
                                                  åŒ–ç ”ç©¶æ‰€çš„Jean Daniel...

You may provide a definition with
\DeclareUnicodeCharacter 


! Package inputenc Error: Unicode character åŒ– (U+5316)
(inputenc)                not set up for use with LaTeX.

See the inputenc package documentation for explanation.
Type  H <return>  for immediate help.
 ...                                              
                                                  
l.5 ...Benjamin Bachæ•™æˆï¼Œä»¥åŠæ³•å›½è‡ªåŠ¨åŒ–
                                                  ç ”ç©¶æ‰€çš„Jean Daniel Fe...

You may provide a definition with
\DeclareUnicodeCharacter 


! Package inputenc Error: Unicode character ç ” (U+7814)
(inputenc)                not set up for use with LaTeX.

See the inputenc package documentation for explanation.
Type  H <return>  for immediate help.
 ...                                              
                                                  
l.5 ...jamin Bachæ•™æˆï¼Œä»¥åŠæ³•å›½è‡ªåŠ¨åŒ–ç ”
                                                  ç©¶æ‰€çš„Jean Daniel Feket...

You may provide a definition with
\DeclareUnicodeCharacter 


! Package inputenc Error: Unicode character ç©¶ (U+7A76)
(inputenc)                not set up for use with LaTeX.

See the inputenc package documentation for explanation.
Type  H <return>  for immediate help.
 ...                                              
                                                  
l.5 ...in Bachæ•™æˆï¼Œä»¥åŠæ³•å›½è‡ªåŠ¨åŒ–ç ”ç©¶
                                                  æ‰€çš„Jean Daniel Feketeæ•...

You may provide a definition with
\DeclareUnicodeCharacter 


! Package inputenc Error: Unicode character æ‰€ (U+6240)
(inputenc)                not set up for use with LaTeX.

See the inputenc package documentation for explanation.
Type  H <return>  for immediate help.
 ...                                              
                                                  
l.5 ...Bachæ•™æˆï¼Œä»¥åŠæ³•å›½è‡ªåŠ¨åŒ–ç ”ç©¶æ‰€
                                                  çš„Jean Daniel Feketeæ•™æ...

You may provide a definition with
\DeclareUnicodeCharacter 


! Package inputenc Error: Unicode character çš„ (U+7684)
(inputenc)                not set up for use with LaTeX.

See the inputenc package documentation for explanation.
Type  H <return>  for immediate help.
 ...                                              
                                                  
l.5 ...hæ•™æˆï¼Œä»¥åŠæ³•å›½è‡ªåŠ¨åŒ–ç ”ç©¶æ‰€çš„
                                                  Jean Daniel Feketeæ•™æˆã€‚
You may provide a definition with
\DeclareUnicodeCharacter 

Missing character: There is no J in font nullfont!
Missing character: There is no e in font nullfont!
Missing character: There is no a in font nullfont!
Missing character: There is no n in font nullfont!
Missing character: There is no D in font nullfont!
Missing character: There is no a in font nullfont!
Missing character: There is no n in font nullfont!
Missing character: There is no i in font nullfont!
Missing character: There is no e in font nullfont!
Missing character: There is no l in font nullfont!
Missing character: There is no F in font nullfont!
Missing character: There is no e in font nullfont!
Missing character: There is no k in font nullfont!
Missing character: There is no e in font nullfont!
Missing character: There is no t in font nullfont!
Missing character: There is no e in font nullfont!

! Package inputenc Error: Unicode character æ•™ (U+6559)
(inputenc)                not set up for use with LaTeX.

See the inputenc package documentation for explanation.
Type  H <return>  for immediate help.
 ...                                              
                                                  
l.5 ...½è‡ªåŠ¨åŒ–ç ”ç©¶æ‰€çš„Jean Daniel Feketeæ•™
                                                  æˆã€‚
You may provide a definition with
\DeclareUnicodeCharacter 


! Package inputenc Error: Unicode character æˆ (U+6388)
(inputenc)                not set up for use with LaTeX.

See the inputenc package documentation for explanation.
Type  H <return>  for immediate help.
 ...                                              
                                                  
l.5 ...ªåŠ¨åŒ–ç ”ç©¶æ‰€çš„Jean Daniel Feketeæ•™æˆ
                                                  ã€‚
You may provide a definition with
\DeclareUnicodeCharacter 


! Package inputenc Error: Unicode character ã€‚ (U+3002)
(inputenc)                not set up for use with LaTeX.

See the inputenc package documentation for explanation.
Type  H <return>  for immediate help.
 ...                                              
                                                  
l.5 ...¨åŒ–ç ”ç©¶æ‰€çš„Jean Daniel Feketeæ•™æˆã€‚
                                                  
You may provide a definition with
\DeclareUnicodeCharacter 


Overfull \hbox (20.0pt too wide) in paragraph at lines 5--6
[]
 []


! Package inputenc Error: Unicode character æ„Ÿ (U+611F)
(inputenc)                not set up for use with LaTeX.

See the inputenc package documentation for explanation.
Type  H <return>  for immediate help.
 ...                                              
                                                  
l.7 æ„Ÿ
       è°¢å®éªŒå®¤çš„åŒå­¦ä»¬ä¸€ç›´ä»¥æ¥çš„å¸®åŠ©ä¸æ”¯æŒï¼Œå’Œä¸€ç¾¤åŒ...

You may provide a definition with
\DeclareUnicodeCharacter 


! Package inputenc Error: Unicode character è°¢ (U+8C22)
(inputenc)                not set up for use with LaTeX.

See the inputenc package documentation for explanation.
Type  H <return>  for immediate help.
 ...                                              
                                                  
l.7 æ„Ÿè°¢
          å®éªŒå®¤çš„åŒå­¦ä»¬ä¸€ç›´ä»¥æ¥çš„å¸®åŠ©ä¸æ”¯æŒï¼Œå’Œä¸€ç¾¤åŒ...

You may provide a definition with
\DeclareUnicodeCharacter 


! Package inputenc Error: Unicode character å® (U+5B9E)
(inputenc)                not set up for use with LaTeX.

See the inputenc package documentation for explanation.
Type  H <return>  for immediate help.
 ...                                              
                                                  
l.7 æ„Ÿè°¢å®
             éªŒå®¤çš„åŒå­¦ä»¬ä¸€ç›´ä»¥æ¥çš„å¸®åŠ©ä¸æ”¯æŒï¼Œå’Œä¸€ç¾¤åŒ...

You may provide a definition with
\DeclareUnicodeCharacter 


! Package inputenc Error: Unicode character éªŒ (U+9A8C)
(inputenc)                not set up for use with LaTeX.

See the inputenc package documentation for explanation.
Type  H <return>  for immediate help.
 ...                                              
                                                  
l.7 æ„Ÿè°¢å®éªŒ
                å®¤çš„åŒå­¦ä»¬ä¸€ç›´ä»¥æ¥çš„å¸®åŠ©ä¸æ”¯æŒï¼Œå’Œä¸€ç¾¤åŒ...

You may provide a definition with
\DeclareUnicodeCharacter 


! Package inputenc Error: Unicode character å®¤ (U+5BA4)
(inputenc)                not set up for use with LaTeX.

See the inputenc package documentation for explanation.
Type  H <return>  for immediate help.
 ...                                              
                                                  
l.7 æ„Ÿè°¢å®éªŒå®¤
                   çš„åŒå­¦ä»¬ä¸€ç›´ä»¥æ¥çš„å¸®åŠ©ä¸æ”¯æŒï¼Œå’Œä¸€ç¾¤åŒ...

You may provide a definition with
\DeclareUnicodeCharacter 


! Package inputenc Error: Unicode character çš„ (U+7684)
(inputenc)                not set up for use with LaTeX.

See the inputenc package documentation for explanation.
Type  H <return>  for immediate help.
 ...                                              
                                                  
l.7 æ„Ÿè°¢å®éªŒå®¤çš„
                      åŒå­¦ä»¬ä¸€ç›´ä»¥æ¥çš„å¸®åŠ©ä¸æ”¯æŒï¼Œå’Œä¸€ç¾¤åŒ...

You may provide a definition with
\DeclareUnicodeCharacter 


! Package inputenc Error: Unicode character åŒ (U+540C)
(inputenc)                not set up for use with LaTeX.

See the inputenc package documentation for explanation.
Type  H <return>  for immediate help.
 ...                                              
                                                  
l.7 æ„Ÿè°¢å®éªŒå®¤çš„åŒ
                         å­¦ä»¬ä¸€ç›´ä»¥æ¥çš„å¸®åŠ©ä¸æ”¯æŒï¼Œå’Œä¸€ç¾¤åŒ...

You may provide a definition with
\DeclareUnicodeCharacter 


! Package inputenc Error: Unicode character å­¦ (U+5B66)
(inputenc)                not set up for use with LaTeX.

See the inputenc package documentation for explanation.
Type  H <return>  for immediate help.
 ...                                              
                                                  
l.7 æ„Ÿè°¢å®éªŒå®¤çš„åŒå­¦
                            ä»¬ä¸€ç›´ä»¥æ¥çš„å¸®åŠ©ä¸æ”¯æŒï¼Œå’Œä¸€ç¾¤åŒ...

You may provide a definition with
\DeclareUnicodeCharacter 


! Package inputenc Error: Unicode character ä»¬ (U+4EEC)
(inputenc)                not set up for use with LaTeX.

See the inputenc package documentation for explanation.
Type  H <return>  for immediate help.
 ...                                              
                                                  
l.7 æ„Ÿè°¢å®éªŒå®¤çš„åŒå­¦ä»¬
                               ä¸€ç›´ä»¥æ¥çš„å¸®åŠ©ä¸æ”¯æŒï¼Œå’Œä¸€ç¾¤åŒ...

You may provide a definition with
\DeclareUnicodeCharacter 


! Package inputenc Error: Unicode character ä¸€ (U+4E00)
(inputenc)                not set up for use with LaTeX.

See the inputenc package documentation for explanation.
Type  H <return>  for immediate help.
 ...                                              
                                                  
l.7 æ„Ÿè°¢å®éªŒå®¤çš„åŒå­¦ä»¬ä¸€
                                  ç›´ä»¥æ¥çš„å¸®åŠ©ä¸æ”¯æŒï¼Œå’Œä¸€ç¾¤åŒ...

You may provide a definition with
\DeclareUnicodeCharacter 


! Package inputenc Error: Unicode character ç›´ (U+76F4)
(inputenc)                not set up for use with LaTeX.

See the inputenc package documentation for explanation.
Type  H <return>  for immediate help.
 ...                                              
                                                  
l.7 æ„Ÿè°¢å®éªŒå®¤çš„åŒå­¦ä»¬ä¸€ç›´
                                     ä»¥æ¥çš„å¸®åŠ©ä¸æ”¯æŒï¼Œå’Œä¸€ç¾¤åŒ...

You may provide a definition with
\DeclareUnicodeCharacter 


! Package inputenc Error: Unicode character ä»¥ (U+4EE5)
(inputenc)                not set up for use with LaTeX.

See the inputenc package documentation for explanation.
Type  H <return>  for immediate help.
 ...                                              
                                                  
l.7 æ„Ÿè°¢å®éªŒå®¤çš„åŒå­¦ä»¬ä¸€ç›´ä»¥
                                        æ¥çš„å¸®åŠ©ä¸æ”¯æŒï¼Œå’Œä¸€ç¾¤åŒ...

You may provide a definition with
\DeclareUnicodeCharacter 


! Package inputenc Error: Unicode character æ¥ (U+6765)
(inputenc)                not set up for use with LaTeX.

See the inputenc package documentation for explanation.
Type  H <return>  for immediate help.
 ...                                              
                                                  
l.7 æ„Ÿè°¢å®éªŒå®¤çš„åŒå­¦ä»¬ä¸€ç›´ä»¥æ¥
                                           çš„å¸®åŠ©ä¸æ”¯æŒï¼Œå’Œä¸€ç¾¤åŒ...

You may provide a definition with
\DeclareUnicodeCharacter 


! Package inputenc Error: Unicode character çš„ (U+7684)
(inputenc)                not set up for use with LaTeX.

See the inputenc package documentation for explanation.
Type  H <return>  for immediate help.
 ...                                              
                                                  
l.7 æ„Ÿè°¢å®éªŒå®¤çš„åŒå­¦ä»¬ä¸€ç›´ä»¥æ¥çš„
                                              å¸®åŠ©ä¸æ”¯æŒï¼Œå’Œä¸€ç¾¤åŒ...

You may provide a definition with
\DeclareUnicodeCharacter 


! Package inputenc Error: Unicode character å¸® (U+5E2E)
(inputenc)                not set up for use with LaTeX.

See the inputenc package documentation for explanation.
Type  H <return>  for immediate help.
 ...                                              
                                                  
l.7 æ„Ÿè°¢å®éªŒå®¤çš„åŒå­¦ä»¬ä¸€ç›´ä»¥æ¥çš„å¸®
                                                 åŠ©ä¸æ”¯æŒï¼Œå’Œä¸€ç¾¤åŒ...

You may provide a definition with
\DeclareUnicodeCharacter 


! Package inputenc Error: Unicode character åŠ© (U+52A9)
(inputenc)                not set up for use with LaTeX.

See the inputenc package documentation for explanation.
Type  H <return>  for immediate help.
 ...                                              
                                                  
l.7 ...¢å®éªŒå®¤çš„åŒå­¦ä»¬ä¸€ç›´ä»¥æ¥çš„å¸®åŠ©
                                                  ä¸æ”¯æŒï¼Œå’Œä¸€ç¾¤åŒæ ...

You may provide a definition with
\DeclareUnicodeCharacter 


! Package inputenc Error: Unicode character ä¸ (U+4E0E)
(inputenc)                not set up for use with LaTeX.

See the inputenc package documentation for explanation.
Type  H <return>  for immediate help.
 ...                                              
                                                  
l.7 ...éªŒå®¤çš„åŒå­¦ä»¬ä¸€ç›´ä»¥æ¥çš„å¸®åŠ©ä¸
                                                  æ”¯æŒï¼Œå’Œä¸€ç¾¤åŒæ ·çƒ...

You may provide a definition with
\DeclareUnicodeCharacter 


! Package inputenc Error: Unicode character æ”¯ (U+652F)
(inputenc)                not set up for use with LaTeX.

See the inputenc package documentation for explanation.
Type  H <return>  for immediate help.
 ...                                              
                                                  
l.7 ...Œå®¤çš„åŒå­¦ä»¬ä¸€ç›´ä»¥æ¥çš„å¸®åŠ©ä¸æ”¯
                                                  æŒï¼Œå’Œä¸€ç¾¤åŒæ ·çƒ­çˆ...

You may provide a definition with
\DeclareUnicodeCharacter 


! Package inputenc Error: Unicode character æŒ (U+6301)
(inputenc)                not set up for use with LaTeX.

See the inputenc package documentation for explanation.
Type  H <return>  for immediate help.
 ...                                              
                                                  
l.7 ...¤çš„åŒå­¦ä»¬ä¸€ç›´ä»¥æ¥çš„å¸®åŠ©ä¸æ”¯æŒ
                                                  ï¼Œå’Œä¸€ç¾¤åŒæ ·çƒ­çˆ±å...

You may provide a definition with
\DeclareUnicodeCharacter 


! Package inputenc Error: Unicode character ï¼Œ (U+FF0C)
(inputenc)                not set up for use with LaTeX.

See the inputenc package documentation for explanation.
Type  H <return>  for immediate help.
 ...                                              
                                                  
l.7 ...„åŒå­¦ä»¬ä¸€ç›´ä»¥æ¥çš„å¸®åŠ©ä¸æ”¯æŒï¼Œ
                                                  å’Œä¸€ç¾¤åŒæ ·çƒ­çˆ±å¯è§...

You may provide a definition with
\DeclareUnicodeCharacter 


! Package inputenc Error: Unicode character å’Œ (U+548C)
(inputenc)                not set up for use with LaTeX.

See the inputenc package documentation for explanation.
Type  H <return>  for immediate help.
 ...                                              
                                                  
l.7 ...Œå­¦ä»¬ä¸€ç›´ä»¥æ¥çš„å¸®åŠ©ä¸æ”¯æŒï¼Œå’Œ
                                                  ä¸€ç¾¤åŒæ ·çƒ­çˆ±å¯è§†åŒ...

You may provide a definition with
\DeclareUnicodeCharacter 


! Package inputenc Error: Unicode character ä¸€ (U+4E00)
(inputenc)                not set up for use with LaTeX.

See the inputenc package documentation for explanation.
Type  H <return>  for immediate help.
 ...                                              
                                                  
l.7 ...¦ä»¬ä¸€ç›´ä»¥æ¥çš„å¸®åŠ©ä¸æ”¯æŒï¼Œå’Œä¸€
                                                  ç¾¤åŒæ ·çƒ­çˆ±å¯è§†åŒ–çš...

You may provide a definition with
\DeclareUnicodeCharacter 


! Package inputenc Error: Unicode character ç¾¤ (U+7FA4)
(inputenc)                not set up for use with LaTeX.

See the inputenc package documentation for explanation.
Type  H <return>  for immediate help.
 ...                                              
                                                  
l.7 ...¬ä¸€ç›´ä»¥æ¥çš„å¸®åŠ©ä¸æ”¯æŒï¼Œå’Œä¸€ç¾¤
                                                  åŒæ ·çƒ­çˆ±å¯è§†åŒ–çš„äº...

You may provide a definition with
\DeclareUnicodeCharacter 


! Package inputenc Error: Unicode character åŒ (U+540C)
(inputenc)                not set up for use with LaTeX.

See the inputenc package documentation for explanation.
Type  H <return>  for immediate help.
 ...                                              
                                                  
l.7 ...€ç›´ä»¥æ¥çš„å¸®åŠ©ä¸æ”¯æŒï¼Œå’Œä¸€ç¾¤åŒ
                                                  æ ·çƒ­çˆ±å¯è§†åŒ–çš„äººä¸...

You may provide a definition with
\DeclareUnicodeCharacter 


! Package inputenc Error: Unicode character æ · (U+6837)
(inputenc)                not set up for use with LaTeX.

See the inputenc package documentation for explanation.
Type  H <return>  for immediate help.
 ...                                              
                                                  
l.7 ...´ä»¥æ¥çš„å¸®åŠ©ä¸æ”¯æŒï¼Œå’Œä¸€ç¾¤åŒæ ·
                                                  çƒ­çˆ±å¯è§†åŒ–çš„äººä¸€èµ...

You may provide a definition with
\DeclareUnicodeCharacter 


! Package inputenc Error: Unicode character çƒ­ (U+70ED)
(inputenc)                not set up for use with LaTeX.

See the inputenc package documentation for explanation.
Type  H <return>  for immediate help.
 ...                                              
                                                  
l.7 ...¥æ¥çš„å¸®åŠ©ä¸æ”¯æŒï¼Œå’Œä¸€ç¾¤åŒæ ·çƒ­
                                                  çˆ±å¯è§†åŒ–çš„äººä¸€èµ·å­...

You may provide a definition with
\DeclareUnicodeCharacter 


! Package inputenc Error: Unicode character çˆ± (U+7231)
(inputenc)                not set up for use with LaTeX.

See the inputenc package documentation for explanation.
Type  H <return>  for immediate help.
 ...                                              
                                                  
l.7 ...¥çš„å¸®åŠ©ä¸æ”¯æŒï¼Œå’Œä¸€ç¾¤åŒæ ·çƒ­çˆ±
                                                  å¯è§†åŒ–çš„äººä¸€èµ·å­¦ä¹...

You may provide a definition with
\DeclareUnicodeCharacter 


! Package inputenc Error: Unicode character å¯ (U+53EF)
(inputenc)                not set up for use with LaTeX.

See the inputenc package documentation for explanation.
Type  H <return>  for immediate help.
 ...                                              
                                                  
l.7 ...„å¸®åŠ©ä¸æ”¯æŒï¼Œå’Œä¸€ç¾¤åŒæ ·çƒ­çˆ±å¯
                                                  è§†åŒ–çš„äººä¸€èµ·å­¦ä¹ è¿...

You may provide a definition with
\DeclareUnicodeCharacter 


! Package inputenc Error: Unicode character è§† (U+89C6)
(inputenc)                not set up for use with LaTeX.

See the inputenc package documentation for explanation.
Type  H <return>  for immediate help.
 ...                                              
                                                  
l.7 ...®åŠ©ä¸æ”¯æŒï¼Œå’Œä¸€ç¾¤åŒæ ·çƒ­çˆ±å¯è§†
                                                  åŒ–çš„äººä¸€èµ·å­¦ä¹ è¿›æ­...

You may provide a definition with
\DeclareUnicodeCharacter 


! Package inputenc Error: Unicode character åŒ– (U+5316)
(inputenc)                not set up for use with LaTeX.

See the inputenc package documentation for explanation.
Type  H <return>  for immediate help.
 ...                                              
                                                  
l.7 ...©ä¸æ”¯æŒï¼Œå’Œä¸€ç¾¤åŒæ ·çƒ­çˆ±å¯è§†åŒ–
                                                  çš„äººä¸€èµ·å­¦ä¹ è¿›æ­¥äº...

You may provide a definition with
\DeclareUnicodeCharacter 


! Package inputenc Error: Unicode character çš„ (U+7684)
(inputenc)                not set up for use with LaTeX.

See the inputenc package documentation for explanation.
Type  H <return>  for immediate help.
 ...                                              
                                                  
l.7 ...æ”¯æŒï¼Œå’Œä¸€ç¾¤åŒæ ·çƒ­çˆ±å¯è§†åŒ–çš„
                                                  äººä¸€èµ·å­¦ä¹ è¿›æ­¥äºæˆ...

You may provide a definition with
\DeclareUnicodeCharacter 


! Package inputenc Error: Unicode character äºº (U+4EBA)
(inputenc)                not set up for use with LaTeX.

See the inputenc package documentation for explanation.
Type  H <return>  for immediate help.
 ...                                              
                                                  
l.7 ...¯æŒï¼Œå’Œä¸€ç¾¤åŒæ ·çƒ­çˆ±å¯è§†åŒ–çš„äºº
                                                  ä¸€èµ·å­¦ä¹ è¿›æ­¥äºæˆ‘æ˜...

You may provide a definition with
\DeclareUnicodeCharacter 


! Package inputenc Error: Unicode character ä¸€ (U+4E00)
(inputenc)                not set up for use with LaTeX.

See the inputenc package documentation for explanation.
Type  H <return>  for immediate help.
 ...                                              
                                                  
l.7 ...ï¼Œå’Œä¸€ç¾¤åŒæ ·çƒ­çˆ±å¯è§†åŒ–çš„äººä¸€
                                                  èµ·å­¦ä¹ è¿›æ­¥äºæˆ‘æ˜¯ä¸...

You may provide a definition with
\DeclareUnicodeCharacter 


! Package inputenc Error: Unicode character èµ· (U+8D77)
(inputenc)                not set up for use with LaTeX.

See the inputenc package documentation for explanation.
Type  H <return>  for immediate help.
 ...                                              
                                                  
l.7 ...Œå’Œä¸€ç¾¤åŒæ ·çƒ­çˆ±å¯è§†åŒ–çš„äººä¸€èµ·
                                                  å­¦ä¹ è¿›æ­¥äºæˆ‘æ˜¯ä¸€ç§...

You may provide a definition with
\DeclareUnicodeCharacter 


! Package inputenc Error: Unicode character å­¦ (U+5B66)
(inputenc)                not set up for use with LaTeX.

See the inputenc package documentation for explanation.
Type  H <return>  for immediate help.
 ...                                              
                                                  
l.7 ...Œä¸€ç¾¤åŒæ ·çƒ­çˆ±å¯è§†åŒ–çš„äººä¸€èµ·å­¦
                                                  ä¹ è¿›æ­¥äºæˆ‘æ˜¯ä¸€ç§å¹...

You may provide a definition with
\DeclareUnicodeCharacter 


! Package inputenc Error: Unicode character ä¹  (U+4E60)
(inputenc)                not set up for use with LaTeX.

See the inputenc package documentation for explanation.
Type  H <return>  for immediate help.
 ...                                              
                                                  
l.7 ...€ç¾¤åŒæ ·çƒ­çˆ±å¯è§†åŒ–çš„äººä¸€èµ·å­¦ä¹ 
                                                  è¿›æ­¥äºæˆ‘æ˜¯ä¸€ç§å¹¸ç¦...

You may provide a definition with
\DeclareUnicodeCharacter 


! Package inputenc Error: Unicode character è¿› (U+8FDB)
(inputenc)                not set up for use with LaTeX.

See the inputenc package documentation for explanation.
Type  H <return>  for immediate help.
 ...                                              
                                                  
l.7 ...¤åŒæ ·çƒ­çˆ±å¯è§†åŒ–çš„äººä¸€èµ·å­¦ä¹ è¿›
                                                  æ­¥äºæˆ‘æ˜¯ä¸€ç§å¹¸ç¦ã€...

You may provide a definition with
\DeclareUnicodeCharacter 


! Package inputenc Error: Unicode character æ­¥ (U+6B65)
(inputenc)                not set up for use with LaTeX.

See the inputenc package documentation for explanation.
Type  H <return>  for immediate help.
 ...                                              
                                                  
l.7 ...Œæ ·çƒ­çˆ±å¯è§†åŒ–çš„äººä¸€èµ·å­¦ä¹ è¿›æ­¥
                                                  äºæˆ‘æ˜¯ä¸€ç§å¹¸ç¦ã€‚ç‰...

You may provide a definition with
\DeclareUnicodeCharacter 


! Package inputenc Error: Unicode character äº (U+4E8E)
(inputenc)                not set up for use with LaTeX.

See the inputenc package documentation for explanation.
Type  H <return>  for immediate help.
 ...                                              
                                                  
l.7 ...·çƒ­çˆ±å¯è§†åŒ–çš„äººä¸€èµ·å­¦ä¹ è¿›æ­¥äº
                                                  æˆ‘æ˜¯ä¸€ç§å¹¸ç¦ã€‚ç‰¹åˆ...

You may provide a definition with
\DeclareUnicodeCharacter 


! Package inputenc Error: Unicode character æˆ‘ (U+6211)
(inputenc)                not set up for use with LaTeX.

See the inputenc package documentation for explanation.
Type  H <return>  for immediate help.
 ...                                              
                                                  
l.7 ...­çˆ±å¯è§†åŒ–çš„äººä¸€èµ·å­¦ä¹ è¿›æ­¥äºæˆ‘
                                                  æ˜¯ä¸€ç§å¹¸ç¦ã€‚ç‰¹åˆ«æ„...

You may provide a definition with
\DeclareUnicodeCharacter 


! Package inputenc Error: Unicode character æ˜¯ (U+662F)
(inputenc)                not set up for use with LaTeX.

See the inputenc package documentation for explanation.
Type  H <return>  for immediate help.
 ...                                              
                                                  
l.7 ...±å¯è§†åŒ–çš„äººä¸€èµ·å­¦ä¹ è¿›æ­¥äºæˆ‘æ˜¯
                                                  ä¸€ç§å¹¸ç¦ã€‚ç‰¹åˆ«æ„Ÿè°...

You may provide a definition with
\DeclareUnicodeCharacter 


! Package inputenc Error: Unicode character ä¸€ (U+4E00)
(inputenc)                not set up for use with LaTeX.

See the inputenc package documentation for explanation.
Type  H <return>  for immediate help.
 ...                                              
                                                  
l.7 ...¯è§†åŒ–çš„äººä¸€èµ·å­¦ä¹ è¿›æ­¥äºæˆ‘æ˜¯ä¸€
                                                  ç§å¹¸ç¦ã€‚ç‰¹åˆ«æ„Ÿè°¢å¸...

You may provide a definition with
\DeclareUnicodeCharacter 


! Package inputenc Error: Unicode character ç§ (U+79CD)
(inputenc)                not set up for use with LaTeX.

See the inputenc package documentation for explanation.
Type  H <return>  for immediate help.
 ...                                              
                                                  
l.7 ...†åŒ–çš„äººä¸€èµ·å­¦ä¹ è¿›æ­¥äºæˆ‘æ˜¯ä¸€ç§
                                                  å¹¸ç¦ã€‚ç‰¹åˆ«æ„Ÿè°¢å¸¦æˆ...

You may provide a definition with
\DeclareUnicodeCharacter 


! Package inputenc Error: Unicode character å¹¸ (U+5E78)
(inputenc)                not set up for use with LaTeX.

See the inputenc package documentation for explanation.
Type  H <return>  for immediate help.
 ...                                              
                                                  
l.7 ...–çš„äººä¸€èµ·å­¦ä¹ è¿›æ­¥äºæˆ‘æ˜¯ä¸€ç§å¹¸
                                                  ç¦ã€‚ç‰¹åˆ«æ„Ÿè°¢å¸¦æˆ‘ä¸...

You may provide a definition with
\DeclareUnicodeCharacter 


! Package inputenc Error: Unicode character ç¦ (U+798F)
(inputenc)                not set up for use with LaTeX.

See the inputenc package documentation for explanation.
Type  H <return>  for immediate help.
 ...                                              
                                                  
l.7 ...„äººä¸€èµ·å­¦ä¹ è¿›æ­¥äºæˆ‘æ˜¯ä¸€ç§å¹¸ç¦
                                                  ã€‚ç‰¹åˆ«æ„Ÿè°¢å¸¦æˆ‘ä¸€èµ...

You may provide a definition with
\DeclareUnicodeCharacter 


! Package inputenc Error: Unicode character ã€‚ (U+3002)
(inputenc)                not set up for use with LaTeX.

See the inputenc package documentation for explanation.
Type  H <return>  for immediate help.
 ...                                              
                                                  
l.7 ...ºä¸€èµ·å­¦ä¹ è¿›æ­¥äºæˆ‘æ˜¯ä¸€ç§å¹¸ç¦ã€‚
                                                  ç‰¹åˆ«æ„Ÿè°¢å¸¦æˆ‘ä¸€èµ·å“...

You may provide a definition with
\DeclareUnicodeCharacter 


! Package inputenc Error: Unicode character ç‰¹ (U+7279)
(inputenc)                not set up for use with LaTeX.

See the inputenc package documentation for explanation.
Type  H <return>  for immediate help.
 ...                                              
                                                  
l.7 ...€èµ·å­¦ä¹ è¿›æ­¥äºæˆ‘æ˜¯ä¸€ç§å¹¸ç¦ã€‚ç‰¹
                                                  åˆ«æ„Ÿè°¢å¸¦æˆ‘ä¸€èµ·å“å°...

You may provide a definition with
\DeclareUnicodeCharacter 


! Package inputenc Error: Unicode character åˆ« (U+522B)
(inputenc)                not set up for use with LaTeX.

See the inputenc package documentation for explanation.
Type  H <return>  for immediate help.
 ...                                              
                                                  
l.7 ...·å­¦ä¹ è¿›æ­¥äºæˆ‘æ˜¯ä¸€ç§å¹¸ç¦ã€‚ç‰¹åˆ«
                                                  æ„Ÿè°¢å¸¦æˆ‘ä¸€èµ·å“å°ç ...

You may provide a definition with
\DeclareUnicodeCharacter 


! Package inputenc Error: Unicode character æ„Ÿ (U+611F)
(inputenc)                not set up for use with LaTeX.

See the inputenc package documentation for explanation.
Type  H <return>  for immediate help.
 ...                                              
                                                  
l.7 ...¦ä¹ è¿›æ­¥äºæˆ‘æ˜¯ä¸€ç§å¹¸ç¦ã€‚ç‰¹åˆ«æ„Ÿ
                                                  è°¢å¸¦æˆ‘ä¸€èµ·å“å°ç ”ç©...

You may provide a definition with
\DeclareUnicodeCharacter 


! Package inputenc Error: Unicode character è°¢ (U+8C22)
(inputenc)                not set up for use with LaTeX.

See the inputenc package documentation for explanation.
Type  H <return>  for immediate help.
 ...                                              
                                                  
l.7 ... è¿›æ­¥äºæˆ‘æ˜¯ä¸€ç§å¹¸ç¦ã€‚ç‰¹åˆ«æ„Ÿè°¢
                                                  å¸¦æˆ‘ä¸€èµ·å“å°ç ”ç©¶ç™...

You may provide a definition with
\DeclareUnicodeCharacter 


! Package inputenc Error: Unicode character å¸¦ (U+5E26)
(inputenc)                not set up for use with LaTeX.

See the inputenc package documentation for explanation.
Type  H <return>  for immediate help.
 ...                                              
                                                  
l.7 ...›æ­¥äºæˆ‘æ˜¯ä¸€ç§å¹¸ç¦ã€‚ç‰¹åˆ«æ„Ÿè°¢å¸¦
                                                  æˆ‘ä¸€èµ·å“å°ç ”ç©¶ç™¾å‘...

You may provide a definition with
\DeclareUnicodeCharacter 


! Package inputenc Error: Unicode character æˆ‘ (U+6211)
(inputenc)                not set up for use with LaTeX.

See the inputenc package documentation for explanation.
Type  H <return>  for immediate help.
 ...                                              
                                                  
l.7 ...¥äºæˆ‘æ˜¯ä¸€ç§å¹¸ç¦ã€‚ç‰¹åˆ«æ„Ÿè°¢å¸¦æˆ‘
                                                  ä¸€èµ·å“å°ç ”ç©¶ç™¾å‘³çš...

You may provide a definition with
\DeclareUnicodeCharacter 


! Package inputenc Error: Unicode character ä¸€ (U+4E00)
(inputenc)                not set up for use with LaTeX.

See the inputenc package documentation for explanation.
Type  H <return>  for immediate help.
 ...                                              
                                                  
l.7 ...æˆ‘æ˜¯ä¸€ç§å¹¸ç¦ã€‚ç‰¹åˆ«æ„Ÿè°¢å¸¦æˆ‘ä¸€
                                                  èµ·å“å°ç ”ç©¶ç™¾å‘³çš„é™...

You may provide a definition with
\DeclareUnicodeCharacter 


! Package inputenc Error: Unicode character èµ· (U+8D77)
(inputenc)                not set up for use with LaTeX.

See the inputenc package documentation for explanation.
Type  H <return>  for immediate help.
 ...                                              
                                                  
l.7 ...‘æ˜¯ä¸€ç§å¹¸ç¦ã€‚ç‰¹åˆ«æ„Ÿè°¢å¸¦æˆ‘ä¸€èµ·
                                                  å“å°ç ”ç©¶ç™¾å‘³çš„é™ˆå¸...

You may provide a definition with
\DeclareUnicodeCharacter 


! Package inputenc Error: Unicode character å“ (U+54C1)
(inputenc)                not set up for use with LaTeX.

See the inputenc package documentation for explanation.
Type  H <return>  for immediate help.
 ...                                              
                                                  
l.7 ...¯ä¸€ç§å¹¸ç¦ã€‚ç‰¹åˆ«æ„Ÿè°¢å¸¦æˆ‘ä¸€èµ·å“
                                                  å°ç ”ç©¶ç™¾å‘³çš„é™ˆå¸…å¸...

You may provide a definition with
\DeclareUnicodeCharacter 


! Package inputenc Error: Unicode character å° (U+5C1D)
(inputenc)                not set up for use with LaTeX.

See the inputenc package documentation for explanation.
Type  H <return>  for immediate help.
 ...                                              
                                                  
l.7 ...€ç§å¹¸ç¦ã€‚ç‰¹åˆ«æ„Ÿè°¢å¸¦æˆ‘ä¸€èµ·å“å°
                                                  ç ”ç©¶ç™¾å‘³çš„é™ˆå¸…å¸ˆå…...

You may provide a definition with
\DeclareUnicodeCharacter 


! Package inputenc Error: Unicode character ç ” (U+7814)
(inputenc)                not set up for use with LaTeX.

See the inputenc package documentation for explanation.
Type  H <return>  for immediate help.
 ...                                              
                                                  
l.7 ...å¹¸ç¦ã€‚ç‰¹åˆ«æ„Ÿè°¢å¸¦æˆ‘ä¸€èµ·å“å°ç ”
                                                  ç©¶ç™¾å‘³çš„é™ˆå¸…å¸ˆå…„ã€...

You may provide a definition with
\DeclareUnicodeCharacter 


! Package inputenc Error: Unicode character ç©¶ (U+7A76)
(inputenc)                not set up for use with LaTeX.

See the inputenc package documentation for explanation.
Type  H <return>  for immediate help.
 ...                                              
                                                  
l.7 ...¸ç¦ã€‚ç‰¹åˆ«æ„Ÿè°¢å¸¦æˆ‘ä¸€èµ·å“å°ç ”ç©¶
                                                  ç™¾å‘³çš„é™ˆå¸…å¸ˆå…„ã€æ...

You may provide a definition with
\DeclareUnicodeCharacter 


! Package inputenc Error: Unicode character ç™¾ (U+767E)
(inputenc)                not set up for use with LaTeX.

See the inputenc package documentation for explanation.
Type  H <return>  for immediate help.
 ...                                              
                                                  
l.7 ...ã€‚ç‰¹åˆ«æ„Ÿè°¢å¸¦æˆ‘ä¸€èµ·å“å°ç ”ç©¶ç™¾
                                                  å‘³çš„é™ˆå¸…å¸ˆå…„ã€æ—ä¸...

You may provide a definition with
\DeclareUnicodeCharacter 


! Package inputenc Error: Unicode character å‘³ (U+5473)
(inputenc)                not set up for use with LaTeX.

See the inputenc package documentation for explanation.
Type  H <return>  for immediate help.
 ...                                              
                                                  
l.7 ...‚ç‰¹åˆ«æ„Ÿè°¢å¸¦æˆ‘ä¸€èµ·å“å°ç ”ç©¶ç™¾å‘³
                                                  çš„é™ˆå¸…å¸ˆå…„ã€æ—ä¸½é...

You may provide a definition with
\DeclareUnicodeCharacter 


! Package inputenc Error: Unicode character çš„ (U+7684)
(inputenc)                not set up for use with LaTeX.

See the inputenc package documentation for explanation.
Type  H <return>  for immediate help.
 ...                                              
                                                  
l.7 ...¹åˆ«æ„Ÿè°¢å¸¦æˆ‘ä¸€èµ·å“å°ç ”ç©¶ç™¾å‘³çš„
                                                  é™ˆå¸…å¸ˆå…„ã€æ—ä¸½é™å¸...

You may provide a definition with
\DeclareUnicodeCharacter 


! Package inputenc Error: Unicode character é™ˆ (U+9648)
(inputenc)                not set up for use with LaTeX.

See the inputenc package documentation for explanation.
Type  H <return>  for immediate help.
 ...                                              
                                                  
l.7 ...«æ„Ÿè°¢å¸¦æˆ‘ä¸€èµ·å“å°ç ”ç©¶ç™¾å‘³çš„é™ˆ
                                                  å¸…å¸ˆå…„ã€æ—ä¸½é™å¸ˆå§...

You may provide a definition with
\DeclareUnicodeCharacter 


! Package inputenc Error: Unicode character å¸… (U+5E05)
(inputenc)                not set up for use with LaTeX.

See the inputenc package documentation for explanation.
Type  H <return>  for immediate help.
 ...                                              
                                                  
l.7 ...Ÿè°¢å¸¦æˆ‘ä¸€èµ·å“å°ç ”ç©¶ç™¾å‘³çš„é™ˆå¸…
                                                  å¸ˆå…„ã€æ—ä¸½é™å¸ˆå§å’...

You may provide a definition with
\DeclareUnicodeCharacter 


! Package inputenc Error: Unicode character å¸ˆ (U+5E08)
(inputenc)                not set up for use with LaTeX.

See the inputenc package documentation for explanation.
Type  H <return>  for immediate help.
 ...                                              
                                                  
l.7 ...¢å¸¦æˆ‘ä¸€èµ·å“å°ç ”ç©¶ç™¾å‘³çš„é™ˆå¸…å¸ˆ
                                                  å…„ã€æ—ä¸½é™å¸ˆå§å’Œåˆ...

You may provide a definition with
\DeclareUnicodeCharacter 


! Package inputenc Error: Unicode character å…„ (U+5144)
(inputenc)                not set up for use with LaTeX.

See the inputenc package documentation for explanation.
Type  H <return>  for immediate help.
 ...                                              
                                                  
l.7 ...¦æˆ‘ä¸€èµ·å“å°ç ”ç©¶ç™¾å‘³çš„é™ˆå¸…å¸ˆå…„
                                                  ã€æ—ä¸½é™å¸ˆå§å’Œåˆ˜ç...

You may provide a definition with
\DeclareUnicodeCharacter 


! Package inputenc Error: Unicode character ã€ (U+3001)
(inputenc)                not set up for use with LaTeX.

See the inputenc package documentation for explanation.
Type  H <return>  for immediate help.
 ...                                              
                                                  
l.7 ...‘ä¸€èµ·å“å°ç ”ç©¶ç™¾å‘³çš„é™ˆå¸…å¸ˆå…„ã€
                                                  æ—ä¸½é™å¸ˆå§å’Œåˆ˜ç¿å¸...

You may provide a definition with
\DeclareUnicodeCharacter 


! Package inputenc Error: Unicode character æ— (U+6797)
(inputenc)                not set up for use with LaTeX.

See the inputenc package documentation for explanation.
Type  H <return>  for immediate help.
 ...                                              
                                                  
l.7 ...€èµ·å“å°ç ”ç©¶ç™¾å‘³çš„é™ˆå¸…å¸ˆå…„ã€æ—
                                                  ä¸½é™å¸ˆå§å’Œåˆ˜ç¿å¸ˆå…...

You may provide a definition with
\DeclareUnicodeCharacter 


! Package inputenc Error: Unicode character ä¸½ (U+4E3D)
(inputenc)                not set up for use with LaTeX.

See the inputenc package documentation for explanation.
Type  H <return>  for immediate help.
 ...                                              
                                                  
l.7 ...·å“å°ç ”ç©¶ç™¾å‘³çš„é™ˆå¸…å¸ˆå…„ã€æ—ä¸½
                                                  é™å¸ˆå§å’Œåˆ˜ç¿å¸ˆå…„ï¼...

You may provide a definition with
\DeclareUnicodeCharacter 


! Package inputenc Error: Unicode character é™ (U+9759)
(inputenc)                not set up for use with LaTeX.

See the inputenc package documentation for explanation.
Type  H <return>  for immediate help.
 ...                                              
                                                  
l.7 ...å°ç ”ç©¶ç™¾å‘³çš„é™ˆå¸…å¸ˆå…„ã€æ—ä¸½é™
                                                  å¸ˆå§å’Œåˆ˜ç¿å¸ˆå…„ï¼›ç»...

You may provide a definition with
\DeclareUnicodeCharacter 


! Package inputenc Error: Unicode character å¸ˆ (U+5E08)
(inputenc)                not set up for use with LaTeX.

See the inputenc package documentation for explanation.
Type  H <return>  for immediate help.
 ...                                              
                                                  
l.7 ...ç ”ç©¶ç™¾å‘³çš„é™ˆå¸…å¸ˆå…„ã€æ—ä¸½é™å¸ˆ
                                                  å§å’Œåˆ˜ç¿å¸ˆå…„ï¼›ç»å¸...

You may provide a definition with
\DeclareUnicodeCharacter 


! Package inputenc Error: Unicode character å§ (U+59D0)
(inputenc)                not set up for use with LaTeX.

See the inputenc package documentation for explanation.
Type  H <return>  for immediate help.
 ...                                              
                                                  
l.7 ...”ç©¶ç™¾å‘³çš„é™ˆå¸…å¸ˆå…„ã€æ—ä¸½é™å¸ˆå§
                                                  å’Œåˆ˜ç¿å¸ˆå…„ï¼›ç»å¸¸ä¸...

You may provide a definition with
\DeclareUnicodeCharacter 


! Package inputenc Error: Unicode character å’Œ (U+548C)
(inputenc)                not set up for use with LaTeX.

See the inputenc package documentation for explanation.
Type  H <return>  for immediate help.
 ...                                              
                                                  
l.7 ...¶ç™¾å‘³çš„é™ˆå¸…å¸ˆå…„ã€æ—ä¸½é™å¸ˆå§å’Œ
                                                  åˆ˜ç¿å¸ˆå…„ï¼›ç»å¸¸ä¸æˆ...

You may provide a definition with
\DeclareUnicodeCharacter 


! Package inputenc Error: Unicode character åˆ˜ (U+5218)
(inputenc)                not set up for use with LaTeX.

See the inputenc package documentation for explanation.
Type  H <return>  for immediate help.
 ...                                              
                                                  
l.7 ...¾å‘³çš„é™ˆå¸…å¸ˆå…„ã€æ—ä¸½é™å¸ˆå§å’Œåˆ˜
                                                  ç¿å¸ˆå…„ï¼›ç»å¸¸ä¸æˆ‘è®...

You may provide a definition with
\DeclareUnicodeCharacter 


! Package inputenc Error: Unicode character ç¿ (U+707F)
(inputenc)                not set up for use with LaTeX.

See the inputenc package documentation for explanation.
Type  H <return>  for immediate help.
 ...                                              
                                                  
l.7 ...³çš„é™ˆå¸…å¸ˆå…„ã€æ—ä¸½é™å¸ˆå§å’Œåˆ˜ç¿
                                                  å¸ˆå…„ï¼›ç»å¸¸ä¸æˆ‘è®¨è®...

You may provide a definition with
\DeclareUnicodeCharacter 


! Package inputenc Error: Unicode character å¸ˆ (U+5E08)
(inputenc)                not set up for use with LaTeX.

See the inputenc package documentation for explanation.
Type  H <return>  for immediate help.
 ...                                              
                                                  
l.7 ...„é™ˆå¸…å¸ˆå…„ã€æ—ä¸½é™å¸ˆå§å’Œåˆ˜ç¿å¸ˆ
                                                  å…„ï¼›ç»å¸¸ä¸æˆ‘è®¨è®ºçš...

You may provide a definition with
\DeclareUnicodeCharacter 


! Package inputenc Error: Unicode character å…„ (U+5144)
(inputenc)                not set up for use with LaTeX.

See the inputenc package documentation for explanation.
Type  H <return>  for immediate help.
 ...                                              
                                                  
l.7 ...ˆå¸…å¸ˆå…„ã€æ—ä¸½é™å¸ˆå§å’Œåˆ˜ç¿å¸ˆå…„
                                                  ï¼›ç»å¸¸ä¸æˆ‘è®¨è®ºçš„æ...

You may provide a definition with
\DeclareUnicodeCharacter 


! Package inputenc Error: Unicode character ï¼› (U+FF1B)
(inputenc)                not set up for use with LaTeX.

See the inputenc package documentation for explanation.
Type  H <return>  for immediate help.
 ...                                              
                                                  
l.7 ...…å¸ˆå…„ã€æ—ä¸½é™å¸ˆå§å’Œåˆ˜ç¿å¸ˆå…„ï¼›
                                                  ç»å¸¸ä¸æˆ‘è®¨è®ºçš„æå›...

You may provide a definition with
\DeclareUnicodeCharacter 


! Package inputenc Error: Unicode character ç» (U+7ECF)
(inputenc)                not set up for use with LaTeX.

See the inputenc package documentation for explanation.
Type  H <return>  for immediate help.
 ...                                              
                                                  
l.7 ...ˆå…„ã€æ—ä¸½é™å¸ˆå§å’Œåˆ˜ç¿å¸ˆå…„ï¼›ç»
                                                  å¸¸ä¸æˆ‘è®¨è®ºçš„æå›½æ”...

You may provide a definition with
\DeclareUnicodeCharacter 


! Package inputenc Error: Unicode character å¸¸ (U+5E38)
(inputenc)                not set up for use with LaTeX.

See the inputenc package documentation for explanation.
Type  H <return>  for immediate help.
 ...                                              
                                                  
l.7 ...„ã€æ—ä¸½é™å¸ˆå§å’Œåˆ˜ç¿å¸ˆå…„ï¼›ç»å¸¸
                                                  ä¸æˆ‘è®¨è®ºçš„æå›½æ”¿å¸...

You may provide a definition with
\DeclareUnicodeCharacter 


! Package inputenc Error: Unicode character ä¸ (U+4E0E)
(inputenc)                not set up for use with LaTeX.

See the inputenc package documentation for explanation.
Type  H <return>  for immediate help.
 ...                                              
                                                  
l.7 ...æ—ä¸½é™å¸ˆå§å’Œåˆ˜ç¿å¸ˆå…„ï¼›ç»å¸¸ä¸
                                                  æˆ‘è®¨è®ºçš„æå›½æ”¿å¸ˆå…...

You may provide a definition with
\DeclareUnicodeCharacter 


! Package inputenc Error: Unicode character æˆ‘ (U+6211)
(inputenc)                not set up for use with LaTeX.

See the inputenc package documentation for explanation.
Type  H <return>  for immediate help.
 ...                                              
                                                  
l.7 ...—ä¸½é™å¸ˆå§å’Œåˆ˜ç¿å¸ˆå…„ï¼›ç»å¸¸ä¸æˆ‘
                                                  è®¨è®ºçš„æå›½æ”¿å¸ˆå…„ï¼...

You may provide a definition with
\DeclareUnicodeCharacter 


! Package inputenc Error: Unicode character è®¨ (U+8BA8)
(inputenc)                not set up for use with LaTeX.

See the inputenc package documentation for explanation.
Type  H <return>  for immediate help.
 ...                                              
                                                  
l.7 ...½é™å¸ˆå§å’Œåˆ˜ç¿å¸ˆå…„ï¼›ç»å¸¸ä¸æˆ‘è®¨
                                                  è®ºçš„æå›½æ”¿å¸ˆå…„ï¼›åœ...

You may provide a definition with
\DeclareUnicodeCharacter 


! Package inputenc Error: Unicode character è®º (U+8BBA)
(inputenc)                not set up for use with LaTeX.

See the inputenc package documentation for explanation.
Type  H <return>  for immediate help.
 ...                                              
                                                  
l.7 ...™å¸ˆå§å’Œåˆ˜ç¿å¸ˆå…„ï¼›ç»å¸¸ä¸æˆ‘è®¨è®º
                                                  çš„æå›½æ”¿å¸ˆå…„ï¼›åœ¨æˆ...

You may provide a definition with
\DeclareUnicodeCharacter 


! Package inputenc Error: Unicode character çš„ (U+7684)
(inputenc)                not set up for use with LaTeX.

See the inputenc package documentation for explanation.
Type  H <return>  for immediate help.
 ...                                              
                                                  
l.7 ...ˆå§å’Œåˆ˜ç¿å¸ˆå…„ï¼›ç»å¸¸ä¸æˆ‘è®¨è®ºçš„
                                                  æå›½æ”¿å¸ˆå…„ï¼›åœ¨æˆ‘è·...

You may provide a definition with
\DeclareUnicodeCharacter 


! Package inputenc Error: Unicode character æ (U+674E)
(inputenc)                not set up for use with LaTeX.

See the inputenc package documentation for explanation.
Type  H <return>  for immediate help.
 ...                                              
                                                  
l.7 ...å’Œåˆ˜ç¿å¸ˆå…„ï¼›ç»å¸¸ä¸æˆ‘è®¨è®ºçš„æ
                                                  å›½æ”¿å¸ˆå…„ï¼›åœ¨æˆ‘è·Œå…...

You may provide a definition with
\DeclareUnicodeCharacter 


! Package inputenc Error: Unicode character å›½ (U+56FD)
(inputenc)                not set up for use with LaTeX.

See the inputenc package documentation for explanation.
Type  H <return>  for immediate help.
 ...                                              
                                                  
l.7 ...Œåˆ˜ç¿å¸ˆå…„ï¼›ç»å¸¸ä¸æˆ‘è®¨è®ºçš„æå›½
                                                  æ”¿å¸ˆå…„ï¼›åœ¨æˆ‘è·Œå…¥bu...

You may provide a definition with
\DeclareUnicodeCharacter 


! Package inputenc Error: Unicode character æ”¿ (U+653F)
(inputenc)                not set up for use with LaTeX.

See the inputenc package documentation for explanation.
Type  H <return>  for immediate help.
 ...                                              
                                                  
l.7 ...˜ç¿å¸ˆå…„ï¼›ç»å¸¸ä¸æˆ‘è®¨è®ºçš„æå›½æ”¿
                                                  å¸ˆå…„ï¼›åœ¨æˆ‘è·Œå…¥bugæ·...

You may provide a definition with
\DeclareUnicodeCharacter 


! Package inputenc Error: Unicode character å¸ˆ (U+5E08)
(inputenc)                not set up for use with LaTeX.

See the inputenc package documentation for explanation.
Type  H <return>  for immediate help.
 ...                                              
                                                  
l.7 ...¿å¸ˆå…„ï¼›ç»å¸¸ä¸æˆ‘è®¨è®ºçš„æå›½æ”¿å¸ˆ
                                                  å…„ï¼›åœ¨æˆ‘è·Œå…¥bugæ·±æ¸...

You may provide a definition with
\DeclareUnicodeCharacter 


! Package inputenc Error: Unicode character å…„ (U+5144)
(inputenc)                not set up for use with LaTeX.

See the inputenc package documentation for explanation.
Type  H <return>  for immediate help.
 ...                                              
                                                  
l.7 ...ˆå…„ï¼›ç»å¸¸ä¸æˆ‘è®¨è®ºçš„æå›½æ”¿å¸ˆå…„
                                                  ï¼›åœ¨æˆ‘è·Œå…¥bugæ·±æ¸Šæ—...

You may provide a definition with
\DeclareUnicodeCharacter 


! Package inputenc Error: Unicode character ï¼› (U+FF1B)
(inputenc)                not set up for use with LaTeX.

See the inputenc package documentation for explanation.
Type  H <return>  for immediate help.
 ...                                              
                                                  
l.7 ...„ï¼›ç»å¸¸ä¸æˆ‘è®¨è®ºçš„æå›½æ”¿å¸ˆå…„ï¼›
                                                  åœ¨æˆ‘è·Œå…¥bugæ·±æ¸Šæ—¶çƒ...

You may provide a definition with
\DeclareUnicodeCharacter 


! Package inputenc Error: Unicode character åœ¨ (U+5728)
(inputenc)                not set up for use with LaTeX.

See the inputenc package documentation for explanation.
Type  H <return>  for immediate help.
 ...                                              
                                                  
l.7 ...›ç»å¸¸ä¸æˆ‘è®¨è®ºçš„æå›½æ”¿å¸ˆå…„ï¼›åœ¨
                                                  æˆ‘è·Œå…¥bugæ·±æ¸Šæ—¶çƒ­å¿...

You may provide a definition with
\DeclareUnicodeCharacter 


! Package inputenc Error: Unicode character æˆ‘ (U+6211)
(inputenc)                not set up for use with LaTeX.

See the inputenc package documentation for explanation.
Type  H <return>  for immediate help.
 ...                                              
                                                  
l.7 ...å¸¸ä¸æˆ‘è®¨è®ºçš„æå›½æ”¿å¸ˆå…„ï¼›åœ¨æˆ‘
                                                  è·Œå…¥bugæ·±æ¸Šæ—¶çƒ­å¿ƒä¼...

You may provide a definition with
\DeclareUnicodeCharacter 


! Package inputenc Error: Unicode character è·Œ (U+8DCC)
(inputenc)                not set up for use with LaTeX.

See the inputenc package documentation for explanation.
Type  H <return>  for immediate help.
 ...                                              
                                                  
l.7 ...¸ä¸æˆ‘è®¨è®ºçš„æå›½æ”¿å¸ˆå…„ï¼›åœ¨æˆ‘è·Œ
                                                  å…¥bugæ·±æ¸Šæ—¶çƒ­å¿ƒä¼¸å‡...

You may provide a definition with
\DeclareUnicodeCharacter 


! Package inputenc Error: Unicode character å…¥ (U+5165)
(inputenc)                not set up for use with LaTeX.

See the inputenc package documentation for explanation.
Type  H <return>  for immediate help.
 ...                                              
                                                  
l.7 ...æˆ‘è®¨è®ºçš„æå›½æ”¿å¸ˆå…„ï¼›åœ¨æˆ‘è·Œå…¥
                                                  bugæ·±æ¸Šæ—¶çƒ­å¿ƒä¼¸å‡ºæ...

You may provide a definition with
\DeclareUnicodeCharacter 


! LaTeX Error: Missing \begin{document}.

See the LaTeX manual or LaTeX Companion for explanation.
Type  H <return>  for immediate help.
 ...                                              
                                                  
l.7 ...æˆ‘è®¨è®ºçš„æå›½æ”¿å¸ˆå…„ï¼›åœ¨æˆ‘è·Œå…¥b
                                                  ugæ·±æ¸Šæ—¶çƒ­å¿ƒä¼¸å‡ºæ´...

You're in trouble here.  Try typing  <return>  to proceed.
If that doesn't work, type  X <return>  to quit.

Missing character: There is no b in font nullfont!
Missing character: There is no u in font nullfont!
Missing character: There is no g in font nullfont!

! Package inputenc Error: Unicode character æ·± (U+6DF1)
(inputenc)                not set up for use with LaTeX.

See the inputenc package documentation for explanation.
Type  H <return>  for immediate help.
 ...                                              
                                                  
l.7 ...¨è®ºçš„æå›½æ”¿å¸ˆå…„ï¼›åœ¨æˆ‘è·Œå…¥bugæ·±
                                                  æ¸Šæ—¶çƒ­å¿ƒä¼¸å‡ºæ´æ‰‹çš...

You may provide a definition with
\DeclareUnicodeCharacter 


! Package inputenc Error: Unicode character æ¸Š (U+6E0A)
(inputenc)                not set up for use with LaTeX.

See the inputenc package documentation for explanation.
Type  H <return>  for immediate help.
 ...                                              
                                                  
l.7 ...ºçš„æå›½æ”¿å¸ˆå…„ï¼›åœ¨æˆ‘è·Œå…¥bugæ·±æ¸Š
                                                  æ—¶çƒ­å¿ƒä¼¸å‡ºæ´æ‰‹çš„ç”...

You may provide a definition with
\DeclareUnicodeCharacter 


! Package inputenc Error: Unicode character æ—¶ (U+65F6)
(inputenc)                not set up for use with LaTeX.

See the inputenc package documentation for explanation.
Type  H <return>  for immediate help.
 ...                                              
                                                  
l.7 ...„æå›½æ”¿å¸ˆå…„ï¼›åœ¨æˆ‘è·Œå…¥bugæ·±æ¸Šæ—¶
                                                  çƒ­å¿ƒä¼¸å‡ºæ´æ‰‹çš„ç”°æ•...

You may provide a definition with
\DeclareUnicodeCharacter 


! Package inputenc Error: Unicode character çƒ­ (U+70ED)
(inputenc)                not set up for use with LaTeX.

See the inputenc package documentation for explanation.
Type  H <return>  for immediate help.
 ...                                              
                                                  
l.7 ...å›½æ”¿å¸ˆå…„ï¼›åœ¨æˆ‘è·Œå…¥bugæ·±æ¸Šæ—¶çƒ­
                                                  å¿ƒä¼¸å‡ºæ´æ‰‹çš„ç”°æ•å¸...

You may provide a definition with
\DeclareUnicodeCharacter 


! Package inputenc Error: Unicode character å¿ƒ (U+5FC3)
(inputenc)                not set up for use with LaTeX.

See the inputenc package documentation for explanation.
Type  H <return>  for immediate help.
 ...                                              
                                                  
l.7 ...½æ”¿å¸ˆå…„ï¼›åœ¨æˆ‘è·Œå…¥bugæ·±æ¸Šæ—¶çƒ­å¿ƒ
                                                  ä¼¸å‡ºæ´æ‰‹çš„ç”°æ•å¸ˆå…...
(That makes 100 errors; please try again.) 
Here is how much of TeX's memory you used:
 111 strings out of 492649
 985 string characters out of 6133384
 56792 words of memory out of 5000000
 4093 multiletter control sequences out of 15000+600000
 3640 words of font info for 14 fonts, out of 8000000 for 9000
 1141 hyphenation exceptions out of 8191
 11i,0n,11p,517b,18s stack positions out of 5000i,500n,10000p,200000b,80000s

!  ==> Fatal error occurred, no output PDF file produced!
